cl : command line  warning D9035: option 'Gm' has been deprecated and will be removed in a future release
  InitShader.cpp
  example1.cpp
D:\dhmt\Nhom6\nhom6\GLSLExperiment\example1.cpp(26,25): warning C4305: 'argument': truncation from 'double' to 'GLfloat'
D:\dhmt\Nhom6\nhom6\GLSLExperiment\example1.cpp(31,23): warning C4305: 'argument': truncation from 'double' to 'GLfloat'
D:\dhmt\Nhom6\nhom6\GLSLExperiment\example1.cpp(52,21): warning C4305: 'initializing': truncation from 'double' to 'GLfloat'
D:\dhmt\Nhom6\nhom6\GLSLExperiment\example1.cpp(52,28): warning C4305: 'initializing': truncation from 'double' to 'GLfloat'
D:\dhmt\Nhom6\nhom6\GLSLExperiment\example1.cpp(52,35): warning C4305: 'initializing': truncation from 'double' to 'GLfloat'
D:\dhmt\Nhom6\nhom6\GLSLExperiment\example1.cpp(57,12): warning C4305: 'initializing': truncation from 'double' to 'GLfloat'
D:\dhmt\Nhom6\nhom6\GLSLExperiment\example1.cpp(379,11): warning C4305: 'initializing': truncation from 'double' to 'GLfloat'
D:\dhmt\Nhom6\nhom6\GLSLExperiment\example1.cpp(379,22): warning C4305: 'initializing': truncation from 'double' to 'GLfloat'
D:\dhmt\Nhom6\nhom6\GLSLExperiment\example1.cpp(380,11): warning C4305: 'initializing': truncation from 'double' to 'GLfloat'
D:\dhmt\Nhom6\nhom6\GLSLExperiment\example1.cpp(380,22): warning C4305: 'initializing': truncation from 'double' to 'GLfloat'
D:\dhmt\Nhom6\nhom6\GLSLExperiment\example1.cpp(381,12): warning C4305: 'initializing': truncation from 'double' to 'GLfloat'
D:\dhmt\Nhom6\nhom6\GLSLExperiment\example1.cpp(402,15): warning C4305: 'initializing': truncation from 'double' to 'float'
D:\dhmt\Nhom6\nhom6\GLSLExperiment\example1.cpp(413,17): warning C4305: 'initializing': truncation from 'double' to 'float'
D:\dhmt\Nhom6\nhom6\GLSLExperiment\example1.cpp(414,17): warning C4305: 'initializing': truncation from 'double' to 'float'
D:\dhmt\Nhom6\nhom6\GLSLExperiment\example1.cpp(465,11): warning C4305: 'argument': truncation from 'double' to 'GLfloat'
D:\dhmt\Nhom6\nhom6\GLSLExperiment\example1.cpp(466,10): warning C4305: 'argument': truncation from 'double' to 'GLfloat'
D:\dhmt\Nhom6\nhom6\GLSLExperiment\example1.cpp(467,11): warning C4305: 'argument': truncation from 'double' to 'GLfloat'
D:\dhmt\Nhom6\nhom6\GLSLExperiment\example1.cpp(489,11): warning C4305: 'argument': truncation from 'double' to 'GLfloat'
D:\dhmt\Nhom6\nhom6\GLSLExperiment\example1.cpp(490,9): warning C4305: 'argument': truncation from 'double' to 'GLfloat'
D:\dhmt\Nhom6\nhom6\GLSLExperiment\example1.cpp(491,11): warning C4305: 'argument': truncation from 'double' to 'GLfloat'
D:\dhmt\Nhom6\nhom6\GLSLExperiment\example1.cpp(492,38): warning C4305: 'argument': truncation from 'double' to 'const GLfloat'
D:\dhmt\Nhom6\nhom6\GLSLExperiment\example1.cpp(494,37): warning C4305: 'argument': truncation from 'double' to 'const GLfloat'
D:\dhmt\Nhom6\nhom6\GLSLExperiment\example1.cpp(497,11): warning C4305: 'argument': truncation from 'double' to 'GLfloat'
D:\dhmt\Nhom6\nhom6\GLSLExperiment\example1.cpp(498,9): warning C4305: 'argument': truncation from 'double' to 'GLfloat'
D:\dhmt\Nhom6\nhom6\GLSLExperiment\example1.cpp(499,11): warning C4305: 'argument': truncation from 'double' to 'GLfloat'
D:\dhmt\Nhom6\nhom6\GLSLExperiment\example1.cpp(500,9): warning C4305: 'argument': truncation from 'double' to 'GLfloat'
D:\dhmt\Nhom6\nhom6\GLSLExperiment\example1.cpp(501,12): warning C4305: 'argument': truncation from 'double' to 'GLfloat'
D:\dhmt\Nhom6\nhom6\GLSLExperiment\example1.cpp(502,10): warning C4305: 'argument': truncation from 'double' to 'GLfloat'
D:\dhmt\Nhom6\nhom6\GLSLExperiment\example1.cpp(503,12): warning C4305: 'argument': truncation from 'double' to 'GLfloat'
D:\dhmt\Nhom6\nhom6\GLSLExperiment\example1.cpp(504,10): warning C4305: 'argument': truncation from 'double' to 'GLfloat'
D:\dhmt\Nhom6\nhom6\GLSLExperiment\example1.cpp(505,12): warning C4305: 'argument': truncation from 'double' to 'GLfloat'
D:\dhmt\Nhom6\nhom6\GLSLExperiment\example1.cpp(506,10): warning C4305: 'argument': truncation from 'double' to 'GLfloat'
D:\dhmt\Nhom6\nhom6\GLSLExperiment\example1.cpp(507,12): warning C4305: 'argument': truncation from 'double' to 'GLfloat'
D:\dhmt\Nhom6\nhom6\GLSLExperiment\example1.cpp(508,10): warning C4305: 'argument': truncation from 'double' to 'GLfloat'
D:\dhmt\Nhom6\nhom6\GLSLExperiment\example1.cpp(577,30): warning C4305: 'argument': truncation from 'double' to 'const GLfloat'
D:\dhmt\Nhom6\nhom6\GLSLExperiment\example1.cpp(582,55): warning C4305: 'argument': truncation from 'double' to 'const GLfloat'
D:\dhmt\Nhom6\nhom6\GLSLExperiment\example1.cpp(586,30): warning C4305: 'argument': truncation from 'double' to 'const GLfloat'
D:\dhmt\Nhom6\nhom6\GLSLExperiment\example1.cpp(601,30): warning C4305: 'argument': truncation from 'double' to 'const GLfloat'
D:\dhmt\Nhom6\nhom6\GLSLExperiment\example1.cpp(612,37): warning C4305: 'argument': truncation from 'double' to 'const GLfloat'
D:\dhmt\Nhom6\nhom6\GLSLExperiment\example1.cpp(612,30): warning C4305: 'argument': truncation from 'double' to 'const GLfloat'
D:\dhmt\Nhom6\nhom6\GLSLExperiment\example1.cpp(612,23): warning C4305: 'argument': truncation from 'double' to 'const GLfloat'
D:\dhmt\Nhom6\nhom6\GLSLExperiment\example1.cpp(612,62): warning C4305: 'argument': truncation from 'double' to 'const GLfloat'
D:\dhmt\Nhom6\nhom6\GLSLExperiment\example1.cpp(612,57): warning C4305: 'argument': truncation from 'double' to 'const GLfloat'
D:\dhmt\Nhom6\nhom6\GLSLExperiment\example1.cpp(612,51): warning C4305: 'argument': truncation from 'double' to 'const GLfloat'
D:\dhmt\Nhom6\nhom6\GLSLExperiment\example1.cpp(616,38): warning C4305: 'argument': truncation from 'double' to 'const GLfloat'
D:\dhmt\Nhom6\nhom6\GLSLExperiment\example1.cpp(616,31): warning C4305: 'argument': truncation from 'double' to 'const GLfloat'
D:\dhmt\Nhom6\nhom6\GLSLExperiment\example1.cpp(616,24): warning C4305: 'argument': truncation from 'double' to 'const GLfloat'
D:\dhmt\Nhom6\nhom6\GLSLExperiment\example1.cpp(616,63): warning C4305: 'argument': truncation from 'double' to 'const GLfloat'
D:\dhmt\Nhom6\nhom6\GLSLExperiment\example1.cpp(616,58): warning C4305: 'argument': truncation from 'double' to 'const GLfloat'
D:\dhmt\Nhom6\nhom6\GLSLExperiment\example1.cpp(616,52): warning C4305: 'argument': truncation from 'double' to 'const GLfloat'
D:\dhmt\Nhom6\nhom6\GLSLExperiment\example1.cpp(620,34): warning C4305: 'argument': truncation from 'double' to 'const GLfloat'
D:\dhmt\Nhom6\nhom6\GLSLExperiment\example1.cpp(620,26): warning C4305: 'argument': truncation from 'double' to 'const GLfloat'
D:\dhmt\Nhom6\nhom6\GLSLExperiment\example1.cpp(620,60): warning C4305: 'argument': truncation from 'double' to 'const GLfloat'
D:\dhmt\Nhom6\nhom6\GLSLExperiment\example1.cpp(620,54): warning C4305: 'argument': truncation from 'double' to 'const GLfloat'
D:\dhmt\Nhom6\nhom6\GLSLExperiment\example1.cpp(620,48): warning C4305: 'argument': truncation from 'double' to 'const GLfloat'
D:\dhmt\Nhom6\nhom6\GLSLExperiment\example1.cpp(624,34): warning C4305: 'argument': truncation from 'double' to 'const GLfloat'
D:\dhmt\Nhom6\nhom6\GLSLExperiment\example1.cpp(624,26): warning C4305: 'argument': truncation from 'double' to 'const GLfloat'
D:\dhmt\Nhom6\nhom6\GLSLExperiment\example1.cpp(624,60): warning C4305: 'argument': truncation from 'double' to 'const GLfloat'
D:\dhmt\Nhom6\nhom6\GLSLExperiment\example1.cpp(624,54): warning C4305: 'argument': truncation from 'double' to 'const GLfloat'
D:\dhmt\Nhom6\nhom6\GLSLExperiment\example1.cpp(624,48): warning C4305: 'argument': truncation from 'double' to 'const GLfloat'
D:\dhmt\Nhom6\nhom6\GLSLExperiment\example1.cpp(628,26): warning C4305: 'argument': truncation from 'double' to 'const GLfloat'
D:\dhmt\Nhom6\nhom6\GLSLExperiment\example1.cpp(628,53): warning C4305: 'argument': truncation from 'double' to 'const GLfloat'
D:\dhmt\Nhom6\nhom6\GLSLExperiment\example1.cpp(628,48): warning C4305: 'argument': truncation from 'double' to 'const GLfloat'
D:\dhmt\Nhom6\nhom6\GLSLExperiment\example1.cpp(628,43): warning C4305: 'argument': truncation from 'double' to 'const GLfloat'
D:\dhmt\Nhom6\nhom6\GLSLExperiment\example1.cpp(633,33): warning C4305: 'argument': truncation from 'double' to 'const GLfloat'
D:\dhmt\Nhom6\nhom6\GLSLExperiment\example1.cpp(633,26): warning C4305: 'argument': truncation from 'double' to 'const GLfloat'
D:\dhmt\Nhom6\nhom6\GLSLExperiment\example1.cpp(633,59): warning C4305: 'argument': truncation from 'double' to 'const GLfloat'
D:\dhmt\Nhom6\nhom6\GLSLExperiment\example1.cpp(633,53): warning C4305: 'argument': truncation from 'double' to 'const GLfloat'
D:\dhmt\Nhom6\nhom6\GLSLExperiment\example1.cpp(633,47): warning C4305: 'argument': truncation from 'double' to 'const GLfloat'
D:\dhmt\Nhom6\nhom6\GLSLExperiment\example1.cpp(637,52): warning C4305: 'argument': truncation from 'double' to 'const GLfloat'
D:\dhmt\Nhom6\nhom6\GLSLExperiment\example1.cpp(637,42): warning C4244: 'argument': conversion from 'double' to 'const GLfloat', possible loss of data
D:\dhmt\Nhom6\nhom6\GLSLExperiment\example1.cpp(637,28): warning C4244: 'argument': conversion from 'double' to 'const GLfloat', possible loss of data
D:\dhmt\Nhom6\nhom6\GLSLExperiment\example1.cpp(637,72): warning C4305: 'argument': truncation from 'double' to 'const GLfloat'
D:\dhmt\Nhom6\nhom6\GLSLExperiment\example1.cpp(637,66): warning C4305: 'argument': truncation from 'double' to 'const GLfloat'
D:\dhmt\Nhom6\nhom6\GLSLExperiment\example1.cpp(641,32): warning C4305: 'argument': truncation from 'double' to 'const GLfloat'
D:\dhmt\Nhom6\nhom6\GLSLExperiment\example1.cpp(641,26): warning C4305: 'argument': truncation from 'double' to 'const GLfloat'
D:\dhmt\Nhom6\nhom6\GLSLExperiment\example1.cpp(641,82): warning C4244: 'argument': conversion from 'double' to 'const GLfloat', possible loss of data
D:\dhmt\Nhom6\nhom6\GLSLExperiment\example1.cpp(644,37): warning C4305: 'argument': truncation from 'double' to 'const GLfloat'
D:\dhmt\Nhom6\nhom6\GLSLExperiment\example1.cpp(644,30): warning C4305: 'argument': truncation from 'double' to 'const GLfloat'
D:\dhmt\Nhom6\nhom6\GLSLExperiment\example1.cpp(644,24): warning C4305: 'argument': truncation from 'double' to 'const GLfloat'
D:\dhmt\Nhom6\nhom6\GLSLExperiment\example1.cpp(644,57): warning C4305: 'argument': truncation from 'double' to 'const GLfloat'
D:\dhmt\Nhom6\nhom6\GLSLExperiment\example1.cpp(644,51): warning C4305: 'argument': truncation from 'double' to 'const GLfloat'
D:\dhmt\Nhom6\nhom6\GLSLExperiment\example1.cpp(650,32): warning C4305: 'argument': truncation from 'double' to 'const GLfloat'
D:\dhmt\Nhom6\nhom6\GLSLExperiment\example1.cpp(650,26): warning C4305: 'argument': truncation from 'double' to 'const GLfloat'
D:\dhmt\Nhom6\nhom6\GLSLExperiment\example1.cpp(650,59): warning C4305: 'argument': truncation from 'double' to 'const GLfloat'
D:\dhmt\Nhom6\nhom6\GLSLExperiment\example1.cpp(650,53): warning C4305: 'argument': truncation from 'double' to 'const GLfloat'
D:\dhmt\Nhom6\nhom6\GLSLExperiment\example1.cpp(650,47): warning C4305: 'argument': truncation from 'double' to 'const GLfloat'
D:\dhmt\Nhom6\nhom6\GLSLExperiment\example1.cpp(654,29): warning C4305: 'argument': truncation from 'double' to 'const GLfloat'
D:\dhmt\Nhom6\nhom6\GLSLExperiment\example1.cpp(654,109): warning C4305: 'argument': truncation from 'double' to 'const GLfloat'
D:\dhmt\Nhom6\nhom6\GLSLExperiment\example1.cpp(654,137): warning C4305: 'argument': truncation from 'double' to 'const GLfloat'
D:\dhmt\Nhom6\nhom6\GLSLExperiment\example1.cpp(654,131): warning C4305: 'argument': truncation from 'double' to 'const GLfloat'
D:\dhmt\Nhom6\nhom6\GLSLExperiment\example1.cpp(654,126): warning C4305: 'argument': truncation from 'double' to 'const GLfloat'
D:\dhmt\Nhom6\nhom6\GLSLExperiment\example1.cpp(658,26): warning C4305: 'argument': truncation from 'double' to 'const GLfloat'
D:\dhmt\Nhom6\nhom6\GLSLExperiment\example1.cpp(658,55): warning C4305: 'argument': truncation from 'double' to 'const GLfloat'
D:\dhmt\Nhom6\nhom6\GLSLExperiment\example1.cpp(658,49): warning C4305: 'argument': truncation from 'double' to 'const GLfloat'
D:\dhmt\Nhom6\nhom6\GLSLExperiment\example1.cpp(658,43): warning C4305: 'argument': truncation from 'double' to 'const GLfloat'
D:\dhmt\Nhom6\nhom6\GLSLExperiment\example1.cpp(667,55): warning C4244: 'argument': conversion from 'double' to 'const GLfloat', possible loss of data
D:\dhmt\Nhom6\nhom6\GLSLExperiment\example1.cpp(667,44): warning C4305: 'argument': truncation from 'double' to 'const GLfloat'
D:\dhmt\Nhom6\nhom6\GLSLExperiment\example1.cpp(667,28): warning C4244: 'argument': conversion from 'double' to 'const GLfloat', possible loss of data
D:\dhmt\Nhom6\nhom6\GLSLExperiment\example1.cpp(667,91): warning C4305: 'argument': truncation from 'double' to 'const GLfloat'
D:\dhmt\Nhom6\nhom6\GLSLExperiment\example1.cpp(667,85): warning C4305: 'argument': truncation from 'double' to 'const GLfloat'
D:\dhmt\Nhom6\nhom6\GLSLExperiment\example1.cpp(667,79): warning C4305: 'argument': truncation from 'double' to 'const GLfloat'
D:\dhmt\Nhom6\nhom6\GLSLExperiment\example1.cpp(706,39): warning C4305: 'argument': truncation from 'double' to 'const GLfloat'
D:\dhmt\Nhom6\nhom6\GLSLExperiment\example1.cpp(784,15): warning C4305: 'argument': truncation from 'double' to 'GLfloat'
D:\dhmt\Nhom6\nhom6\GLSLExperiment\example1.cpp(785,15): warning C4305: 'argument': truncation from 'double' to 'GLfloat'
D:\dhmt\Nhom6\nhom6\GLSLExperiment\example1.cpp(786,15): warning C4305: 'argument': truncation from 'double' to 'GLfloat'
D:\dhmt\Nhom6\nhom6\GLSLExperiment\example1.cpp(787,15): warning C4305: 'argument': truncation from 'double' to 'GLfloat'
D:\dhmt\Nhom6\nhom6\GLSLExperiment\example1.cpp(789,15): warning C4305: 'argument': truncation from 'double' to 'GLfloat'
D:\dhmt\Nhom6\nhom6\GLSLExperiment\example1.cpp(790,15): warning C4305: 'argument': truncation from 'double' to 'GLfloat'
D:\dhmt\Nhom6\nhom6\GLSLExperiment\example1.cpp(791,15): warning C4305: 'argument': truncation from 'double' to 'GLfloat'
D:\dhmt\Nhom6\nhom6\GLSLExperiment\example1.cpp(792,15): warning C4305: 'argument': truncation from 'double' to 'GLfloat'
D:\dhmt\Nhom6\nhom6\GLSLExperiment\example1.cpp(794,16): warning C4305: 'argument': truncation from 'double' to 'GLfloat'
D:\dhmt\Nhom6\nhom6\GLSLExperiment\example1.cpp(795,16): warning C4305: 'argument': truncation from 'double' to 'GLfloat'
D:\dhmt\Nhom6\nhom6\GLSLExperiment\example1.cpp(796,16): warning C4305: 'argument': truncation from 'double' to 'GLfloat'
D:\dhmt\Nhom6\nhom6\GLSLExperiment\example1.cpp(797,16): warning C4305: 'argument': truncation from 'double' to 'GLfloat'
D:\dhmt\Nhom6\nhom6\GLSLExperiment\example1.cpp(799,16): warning C4305: 'argument': truncation from 'double' to 'GLfloat'
D:\dhmt\Nhom6\nhom6\GLSLExperiment\example1.cpp(800,16): warning C4305: 'argument': truncation from 'double' to 'GLfloat'
D:\dhmt\Nhom6\nhom6\GLSLExperiment\example1.cpp(801,16): warning C4305: 'argument': truncation from 'double' to 'GLfloat'
D:\dhmt\Nhom6\nhom6\GLSLExperiment\example1.cpp(802,16): warning C4305: 'argument': truncation from 'double' to 'GLfloat'
D:\dhmt\Nhom6\nhom6\GLSLExperiment\example1.cpp(804,15): warning C4305: 'argument': truncation from 'double' to 'GLfloat'
D:\dhmt\Nhom6\nhom6\GLSLExperiment\example1.cpp(805,15): warning C4305: 'argument': truncation from 'double' to 'GLfloat'
D:\dhmt\Nhom6\nhom6\GLSLExperiment\example1.cpp(806,15): warning C4305: 'argument': truncation from 'double' to 'GLfloat'
D:\dhmt\Nhom6\nhom6\GLSLExperiment\example1.cpp(807,15): warning C4305: 'argument': truncation from 'double' to 'GLfloat'
D:\dhmt\Nhom6\nhom6\GLSLExperiment\example1.cpp(809,15): warning C4305: 'argument': truncation from 'double' to 'GLfloat'
D:\dhmt\Nhom6\nhom6\GLSLExperiment\example1.cpp(810,15): warning C4305: 'argument': truncation from 'double' to 'GLfloat'
D:\dhmt\Nhom6\nhom6\GLSLExperiment\example1.cpp(811,15): warning C4305: 'argument': truncation from 'double' to 'GLfloat'
D:\dhmt\Nhom6\nhom6\GLSLExperiment\example1.cpp(812,15): warning C4305: 'argument': truncation from 'double' to 'GLfloat'
D:\dhmt\Nhom6\nhom6\GLSLExperiment\example1.cpp(814,15): warning C4305: 'argument': truncation from 'double' to 'GLfloat'
D:\dhmt\Nhom6\nhom6\GLSLExperiment\example1.cpp(815,15): warning C4305: 'argument': truncation from 'double' to 'GLfloat'
D:\dhmt\Nhom6\nhom6\GLSLExperiment\example1.cpp(816,15): warning C4305: 'argument': truncation from 'double' to 'GLfloat'
D:\dhmt\Nhom6\nhom6\GLSLExperiment\example1.cpp(817,15): warning C4305: 'argument': truncation from 'double' to 'GLfloat'
D:\dhmt\Nhom6\nhom6\GLSLExperiment\example1.cpp(819,15): warning C4305: 'argument': truncation from 'double' to 'GLfloat'
D:\dhmt\Nhom6\nhom6\GLSLExperiment\example1.cpp(820,15): warning C4305: 'argument': truncation from 'double' to 'GLfloat'
D:\dhmt\Nhom6\nhom6\GLSLExperiment\example1.cpp(821,15): warning C4305: 'argument': truncation from 'double' to 'GLfloat'
D:\dhmt\Nhom6\nhom6\GLSLExperiment\example1.cpp(822,15): warning C4305: 'argument': truncation from 'double' to 'GLfloat'
D:\dhmt\Nhom6\nhom6\GLSLExperiment\example1.cpp(824,16): warning C4305: 'argument': truncation from 'double' to 'GLfloat'
D:\dhmt\Nhom6\nhom6\GLSLExperiment\example1.cpp(825,16): warning C4305: 'argument': truncation from 'double' to 'GLfloat'
D:\dhmt\Nhom6\nhom6\GLSLExperiment\example1.cpp(826,16): warning C4305: 'argument': truncation from 'double' to 'GLfloat'
D:\dhmt\Nhom6\nhom6\GLSLExperiment\example1.cpp(827,16): warning C4305: 'argument': truncation from 'double' to 'GLfloat'
D:\dhmt\Nhom6\nhom6\GLSLExperiment\example1.cpp(829,16): warning C4305: 'argument': truncation from 'double' to 'GLfloat'
D:\dhmt\Nhom6\nhom6\GLSLExperiment\example1.cpp(830,16): warning C4305: 'argument': truncation from 'double' to 'GLfloat'
D:\dhmt\Nhom6\nhom6\GLSLExperiment\example1.cpp(831,16): warning C4305: 'argument': truncation from 'double' to 'GLfloat'
D:\dhmt\Nhom6\nhom6\GLSLExperiment\example1.cpp(832,16): warning C4305: 'argument': truncation from 'double' to 'GLfloat'
D:\dhmt\Nhom6\nhom6\GLSLExperiment\example1.cpp(833,16): warning C4305: 'argument': truncation from 'double' to 'GLfloat'
D:\dhmt\Nhom6\nhom6\GLSLExperiment\example1.cpp(834,16): warning C4305: 'argument': truncation from 'double' to 'GLfloat'
D:\dhmt\Nhom6\nhom6\GLSLExperiment\example1.cpp(835,16): warning C4305: 'argument': truncation from 'double' to 'GLfloat'
D:\dhmt\Nhom6\nhom6\GLSLExperiment\example1.cpp(836,16): warning C4305: 'argument': truncation from 'double' to 'GLfloat'
D:\dhmt\Nhom6\nhom6\GLSLExperiment\example1.cpp(838,16): warning C4305: 'argument': truncation from 'double' to 'GLfloat'
D:\dhmt\Nhom6\nhom6\GLSLExperiment\example1.cpp(839,16): warning C4305: 'argument': truncation from 'double' to 'GLfloat'
D:\dhmt\Nhom6\nhom6\GLSLExperiment\example1.cpp(840,16): warning C4305: 'argument': truncation from 'double' to 'GLfloat'
D:\dhmt\Nhom6\nhom6\GLSLExperiment\example1.cpp(841,16): warning C4305: 'argument': truncation from 'double' to 'GLfloat'
D:\dhmt\Nhom6\nhom6\GLSLExperiment\example1.cpp(845,35): warning C4305: 'argument': truncation from 'double' to 'const GLfloat'
D:\dhmt\Nhom6\nhom6\GLSLExperiment\example1.cpp(845,24): warning C4305: 'argument': truncation from 'double' to 'const GLfloat'
D:\dhmt\Nhom6\nhom6\GLSLExperiment\example1.cpp(850,31): warning C4305: 'argument': truncation from 'double' to 'const GLfloat'
D:\dhmt\Nhom6\nhom6\GLSLExperiment\example1.cpp(850,52): warning C4305: 'argument': truncation from 'double' to 'const GLfloat'
D:\dhmt\Nhom6\nhom6\GLSLExperiment\example1.cpp(856,57): warning C4305: 'argument': truncation from 'double' to 'const GLfloat'
D:\dhmt\Nhom6\nhom6\GLSLExperiment\example1.cpp(856,51): warning C4305: 'argument': truncation from 'double' to 'const GLfloat'
D:\dhmt\Nhom6\nhom6\GLSLExperiment\example1.cpp(856,45): warning C4305: 'argument': truncation from 'double' to 'const GLfloat'
D:\dhmt\Nhom6\nhom6\GLSLExperiment\example1.cpp(862,13): warning C4305: 'argument': truncation from 'double' to 'GLfloat'
D:\dhmt\Nhom6\nhom6\GLSLExperiment\example1.cpp(862,7): warning C4305: 'argument': truncation from 'double' to 'GLfloat'
D:\dhmt\Nhom6\nhom6\GLSLExperiment\example1.cpp(863,13): warning C4305: 'argument': truncation from 'double' to 'GLfloat'
D:\dhmt\Nhom6\nhom6\GLSLExperiment\example1.cpp(863,7): warning C4305: 'argument': truncation from 'double' to 'GLfloat'
D:\dhmt\Nhom6\nhom6\GLSLExperiment\example1.cpp(864,13): warning C4305: 'argument': truncation from 'double' to 'GLfloat'
D:\dhmt\Nhom6\nhom6\GLSLExperiment\example1.cpp(864,7): warning C4305: 'argument': truncation from 'double' to 'GLfloat'
D:\dhmt\Nhom6\nhom6\GLSLExperiment\example1.cpp(868,33): warning C4305: 'argument': truncation from 'double' to 'const GLfloat'
D:\dhmt\Nhom6\nhom6\GLSLExperiment\example1.cpp(868,28): warning C4305: 'argument': truncation from 'double' to 'const GLfloat'
D:\dhmt\Nhom6\nhom6\GLSLExperiment\example1.cpp(868,63): warning C4305: 'argument': truncation from 'double' to 'const GLfloat'
D:\dhmt\Nhom6\nhom6\GLSLExperiment\example1.cpp(868,58): warning C4305: 'argument': truncation from 'double' to 'const GLfloat'
D:\dhmt\Nhom6\nhom6\GLSLExperiment\example1.cpp(868,53): warning C4305: 'argument': truncation from 'double' to 'const GLfloat'
D:\dhmt\Nhom6\nhom6\GLSLExperiment\example1.cpp(882,34): warning C4305: 'argument': truncation from 'double' to 'const GLfloat'
D:\dhmt\Nhom6\nhom6\GLSLExperiment\example1.cpp(882,29): warning C4305: 'argument': truncation from 'double' to 'const GLfloat'
D:\dhmt\Nhom6\nhom6\GLSLExperiment\example1.cpp(882,24): warning C4305: 'argument': truncation from 'double' to 'const GLfloat'
D:\dhmt\Nhom6\nhom6\GLSLExperiment\example1.cpp(889,50): warning C4305: 'argument': truncation from 'double' to 'const GLfloat'
D:\dhmt\Nhom6\nhom6\GLSLExperiment\example1.cpp(889,45): warning C4305: 'argument': truncation from 'double' to 'const GLfloat'
D:\dhmt\Nhom6\nhom6\GLSLExperiment\example1.cpp(896,51): warning C4305: 'argument': truncation from 'double' to 'const GLfloat'
D:\dhmt\Nhom6\nhom6\GLSLExperiment\example1.cpp(896,45): warning C4305: 'argument': truncation from 'double' to 'const GLfloat'
D:\dhmt\Nhom6\nhom6\GLSLExperiment\example1.cpp(903,34): warning C4305: 'argument': truncation from 'double' to 'const GLfloat'
D:\dhmt\Nhom6\nhom6\GLSLExperiment\example1.cpp(903,29): warning C4305: 'argument': truncation from 'double' to 'const GLfloat'
D:\dhmt\Nhom6\nhom6\GLSLExperiment\example1.cpp(903,24): warning C4305: 'argument': truncation from 'double' to 'const GLfloat'
D:\dhmt\Nhom6\nhom6\GLSLExperiment\example1.cpp(910,34): warning C4305: 'argument': truncation from 'double' to 'const GLfloat'
D:\dhmt\Nhom6\nhom6\GLSLExperiment\example1.cpp(910,60): warning C4305: 'argument': truncation from 'double' to 'const GLfloat'
D:\dhmt\Nhom6\nhom6\GLSLExperiment\example1.cpp(910,54): warning C4305: 'argument': truncation from 'double' to 'const GLfloat'
D:\dhmt\Nhom6\nhom6\GLSLExperiment\example1.cpp(910,48): warning C4305: 'argument': truncation from 'double' to 'const GLfloat'
D:\dhmt\Nhom6\nhom6\GLSLExperiment\example1.cpp(917,58): warning C4305: 'argument': truncation from 'double' to 'const GLfloat'
D:\dhmt\Nhom6\nhom6\GLSLExperiment\example1.cpp(917,52): warning C4305: 'argument': truncation from 'double' to 'const GLfloat'
D:\dhmt\Nhom6\nhom6\GLSLExperiment\example1.cpp(917,46): warning C4305: 'argument': truncation from 'double' to 'const GLfloat'
D:\dhmt\Nhom6\nhom6\GLSLExperiment\example1.cpp(925,23): warning C4305: 'argument': truncation from 'double' to 'GLfloat'
D:\dhmt\Nhom6\nhom6\GLSLExperiment\example1.cpp(925,14): warning C4305: 'argument': truncation from 'double' to 'GLfloat'
D:\dhmt\Nhom6\nhom6\GLSLExperiment\example1.cpp(926,24): warning C4305: 'argument': truncation from 'double' to 'GLfloat'
D:\dhmt\Nhom6\nhom6\GLSLExperiment\example1.cpp(926,15): warning C4305: 'argument': truncation from 'double' to 'GLfloat'
D:\dhmt\Nhom6\nhom6\GLSLExperiment\example1.cpp(927,23): warning C4305: 'argument': truncation from 'double' to 'GLfloat'
D:\dhmt\Nhom6\nhom6\GLSLExperiment\example1.cpp(927,17): warning C4305: 'argument': truncation from 'double' to 'GLfloat'
D:\dhmt\Nhom6\nhom6\GLSLExperiment\example1.cpp(928,24): warning C4305: 'argument': truncation from 'double' to 'GLfloat'
D:\dhmt\Nhom6\nhom6\GLSLExperiment\example1.cpp(928,18): warning C4305: 'argument': truncation from 'double' to 'GLfloat'
D:\dhmt\Nhom6\nhom6\GLSLExperiment\example1.cpp(935,44): warning C4305: 'argument': truncation from 'double' to 'const GLfloat'
D:\dhmt\Nhom6\nhom6\GLSLExperiment\example1.cpp(935,40): warning C4305: 'argument': truncation from 'double' to 'const GLfloat'
D:\dhmt\Nhom6\nhom6\GLSLExperiment\example1.cpp(940,45): warning C4305: 'argument': truncation from 'double' to 'const GLfloat'
D:\dhmt\Nhom6\nhom6\GLSLExperiment\example1.cpp(943,55): warning C4305: 'argument': truncation from 'double' to 'const GLfloat'
D:\dhmt\Nhom6\nhom6\GLSLExperiment\example1.cpp(943,50): warning C4305: 'argument': truncation from 'double' to 'const GLfloat'
D:\dhmt\Nhom6\nhom6\GLSLExperiment\example1.cpp(945,52): warning C4305: 'argument': truncation from 'double' to 'const GLfloat'
D:\dhmt\Nhom6\nhom6\GLSLExperiment\example1.cpp(945,43): warning C4305: 'argument': truncation from 'double' to 'const GLfloat'
D:\dhmt\Nhom6\nhom6\GLSLExperiment\example1.cpp(945,84): warning C4305: 'argument': truncation from 'double' to 'const GLfloat'
D:\dhmt\Nhom6\nhom6\GLSLExperiment\example1.cpp(955,51): warning C4305: 'argument': truncation from 'double' to 'const GLfloat'
D:\dhmt\Nhom6\nhom6\GLSLExperiment\example1.cpp(955,46): warning C4305: 'argument': truncation from 'double' to 'const GLfloat'
D:\dhmt\Nhom6\nhom6\GLSLExperiment\example1.cpp(955,40): warning C4305: 'argument': truncation from 'double' to 'const GLfloat'
D:\dhmt\Nhom6\nhom6\GLSLExperiment\example1.cpp(961,24): warning C4305: 'argument': truncation from 'double' to 'float'
D:\dhmt\Nhom6\nhom6\GLSLExperiment\example1.cpp(961,18): warning C4305: 'argument': truncation from 'double' to 'float'
D:\dhmt\Nhom6\nhom6\GLSLExperiment\example1.cpp(961,11): warning C4305: 'argument': truncation from 'double' to 'float'
D:\dhmt\Nhom6\nhom6\GLSLExperiment\example1.cpp(962,23): warning C4305: 'argument': truncation from 'double' to 'float'
D:\dhmt\Nhom6\nhom6\GLSLExperiment\example1.cpp(962,18): warning C4305: 'argument': truncation from 'double' to 'float'
D:\dhmt\Nhom6\nhom6\GLSLExperiment\example1.cpp(962,11): warning C4305: 'argument': truncation from 'double' to 'float'
D:\dhmt\Nhom6\nhom6\GLSLExperiment\example1.cpp(963,23): warning C4305: 'argument': truncation from 'double' to 'float'
D:\dhmt\Nhom6\nhom6\GLSLExperiment\example1.cpp(963,17): warning C4305: 'argument': truncation from 'double' to 'float'
D:\dhmt\Nhom6\nhom6\GLSLExperiment\example1.cpp(963,10): warning C4305: 'argument': truncation from 'double' to 'float'
D:\dhmt\Nhom6\nhom6\GLSLExperiment\example1.cpp(964,22): warning C4305: 'argument': truncation from 'double' to 'float'
D:\dhmt\Nhom6\nhom6\GLSLExperiment\example1.cpp(964,17): warning C4305: 'argument': truncation from 'double' to 'float'
D:\dhmt\Nhom6\nhom6\GLSLExperiment\example1.cpp(964,10): warning C4305: 'argument': truncation from 'double' to 'float'
D:\dhmt\Nhom6\nhom6\GLSLExperiment\example1.cpp(968,30): warning C4305: 'argument': truncation from 'double' to 'const GLfloat'
D:\dhmt\Nhom6\nhom6\GLSLExperiment\example1.cpp(968,24): warning C4305: 'argument': truncation from 'double' to 'const GLfloat'
D:\dhmt\Nhom6\nhom6\GLSLExperiment\example1.cpp(968,19): warning C4305: 'argument': truncation from 'double' to 'const GLfloat'
D:\dhmt\Nhom6\nhom6\GLSLExperiment\example1.cpp(974,31): warning C4305: 'argument': truncation from 'double' to 'const GLfloat'
D:\dhmt\Nhom6\nhom6\GLSLExperiment\example1.cpp(974,26): warning C4305: 'argument': truncation from 'double' to 'const GLfloat'
D:\dhmt\Nhom6\nhom6\GLSLExperiment\example1.cpp(974,55): warning C4305: 'argument': truncation from 'double' to 'const GLfloat'
D:\dhmt\Nhom6\nhom6\GLSLExperiment\example1.cpp(974,50): warning C4305: 'argument': truncation from 'double' to 'const GLfloat'
D:\dhmt\Nhom6\nhom6\GLSLExperiment\example1.cpp(974,45): warning C4305: 'argument': truncation from 'double' to 'const GLfloat'
D:\dhmt\Nhom6\nhom6\GLSLExperiment\example1.cpp(986,37): warning C4305: 'argument': truncation from 'double' to 'float'
D:\dhmt\Nhom6\nhom6\GLSLExperiment\example1.cpp(986,32): warning C4305: 'argument': truncation from 'double' to 'float'
D:\dhmt\Nhom6\nhom6\GLSLExperiment\example1.cpp(986,26): warning C4305: 'argument': truncation from 'double' to 'float'
D:\dhmt\Nhom6\nhom6\GLSLExperiment\example1.cpp(986,20): warning C4305: 'argument': truncation from 'double' to 'float'
D:\dhmt\Nhom6\nhom6\GLSLExperiment\example1.cpp(986,14): warning C4305: 'argument': truncation from 'double' to 'float'
D:\dhmt\Nhom6\nhom6\GLSLExperiment\example1.cpp(986,8): warning C4305: 'argument': truncation from 'double' to 'float'
D:\dhmt\Nhom6\nhom6\GLSLExperiment\example1.cpp(987,34): warning C4305: 'argument': truncation from 'double' to 'float'
D:\dhmt\Nhom6\nhom6\GLSLExperiment\example1.cpp(987,28): warning C4305: 'argument': truncation from 'double' to 'float'
D:\dhmt\Nhom6\nhom6\GLSLExperiment\example1.cpp(987,22): warning C4305: 'argument': truncation from 'double' to 'float'
D:\dhmt\Nhom6\nhom6\GLSLExperiment\example1.cpp(987,14): warning C4305: 'argument': truncation from 'double' to 'float'
D:\dhmt\Nhom6\nhom6\GLSLExperiment\example1.cpp(987,8): warning C4305: 'argument': truncation from 'double' to 'float'
D:\dhmt\Nhom6\nhom6\GLSLExperiment\example1.cpp(991,36): warning C4305: 'argument': truncation from 'double' to 'float'
D:\dhmt\Nhom6\nhom6\GLSLExperiment\example1.cpp(991,31): warning C4305: 'argument': truncation from 'double' to 'float'
D:\dhmt\Nhom6\nhom6\GLSLExperiment\example1.cpp(991,25): warning C4305: 'argument': truncation from 'double' to 'float'
D:\dhmt\Nhom6\nhom6\GLSLExperiment\example1.cpp(991,19): warning C4305: 'argument': truncation from 'double' to 'float'
D:\dhmt\Nhom6\nhom6\GLSLExperiment\example1.cpp(991,13): warning C4305: 'argument': truncation from 'double' to 'float'
D:\dhmt\Nhom6\nhom6\GLSLExperiment\example1.cpp(991,7): warning C4305: 'argument': truncation from 'double' to 'float'
D:\dhmt\Nhom6\nhom6\GLSLExperiment\example1.cpp(993,33): warning C4305: 'argument': truncation from 'double' to 'float'
D:\dhmt\Nhom6\nhom6\GLSLExperiment\example1.cpp(993,27): warning C4305: 'argument': truncation from 'double' to 'float'
D:\dhmt\Nhom6\nhom6\GLSLExperiment\example1.cpp(993,21): warning C4305: 'argument': truncation from 'double' to 'float'
D:\dhmt\Nhom6\nhom6\GLSLExperiment\example1.cpp(993,13): warning C4305: 'argument': truncation from 'double' to 'float'
D:\dhmt\Nhom6\nhom6\GLSLExperiment\example1.cpp(993,7): warning C4305: 'argument': truncation from 'double' to 'float'
D:\dhmt\Nhom6\nhom6\GLSLExperiment\example1.cpp(1004,24): warning C4305: 'argument': truncation from 'double' to 'const GLfloat'
D:\dhmt\Nhom6\nhom6\GLSLExperiment\example1.cpp(1004,56): warning C4305: 'argument': truncation from 'double' to 'const GLfloat'
D:\dhmt\Nhom6\nhom6\GLSLExperiment\example1.cpp(1004,50): warning C4305: 'argument': truncation from 'double' to 'const GLfloat'
D:\dhmt\Nhom6\nhom6\GLSLExperiment\example1.cpp(1004,44): warning C4305: 'argument': truncation from 'double' to 'const GLfloat'
D:\dhmt\Nhom6\nhom6\GLSLExperiment\example1.cpp(1008,23): warning C4305: 'argument': truncation from 'double' to 'const GLfloat'
D:\dhmt\Nhom6\nhom6\GLSLExperiment\example1.cpp(1008,55): warning C4305: 'argument': truncation from 'double' to 'const GLfloat'
D:\dhmt\Nhom6\nhom6\GLSLExperiment\example1.cpp(1008,49): warning C4305: 'argument': truncation from 'double' to 'const GLfloat'
D:\dhmt\Nhom6\nhom6\GLSLExperiment\example1.cpp(1008,43): warning C4305: 'argument': truncation from 'double' to 'const GLfloat'
D:\dhmt\Nhom6\nhom6\GLSLExperiment\example1.cpp(1012,26): warning C4305: 'argument': truncation from 'double' to 'const GLfloat'
D:\dhmt\Nhom6\nhom6\GLSLExperiment\example1.cpp(1012,55): warning C4305: 'argument': truncation from 'double' to 'const GLfloat'
D:\dhmt\Nhom6\nhom6\GLSLExperiment\example1.cpp(1012,49): warning C4305: 'argument': truncation from 'double' to 'const GLfloat'
D:\dhmt\Nhom6\nhom6\GLSLExperiment\example1.cpp(1012,43): warning C4305: 'argument': truncation from 'double' to 'const GLfloat'
D:\dhmt\Nhom6\nhom6\GLSLExperiment\example1.cpp(1016,27): warning C4305: 'argument': truncation from 'double' to 'const GLfloat'
D:\dhmt\Nhom6\nhom6\GLSLExperiment\example1.cpp(1016,56): warning C4305: 'argument': truncation from 'double' to 'const GLfloat'
D:\dhmt\Nhom6\nhom6\GLSLExperiment\example1.cpp(1016,50): warning C4305: 'argument': truncation from 'double' to 'const GLfloat'
D:\dhmt\Nhom6\nhom6\GLSLExperiment\example1.cpp(1016,44): warning C4305: 'argument': truncation from 'double' to 'const GLfloat'
D:\dhmt\Nhom6\nhom6\GLSLExperiment\example1.cpp(1021,31): warning C4305: 'argument': truncation from 'double' to 'const GLfloat'
D:\dhmt\Nhom6\nhom6\GLSLExperiment\example1.cpp(1021,26): warning C4305: 'argument': truncation from 'double' to 'const GLfloat'
D:\dhmt\Nhom6\nhom6\GLSLExperiment\example1.cpp(1021,20): warning C4305: 'argument': truncation from 'double' to 'const GLfloat'
D:\dhmt\Nhom6\nhom6\GLSLExperiment\example1.cpp(1026,49): warning C4305: 'argument': truncation from 'double' to 'const GLfloat'
D:\dhmt\Nhom6\nhom6\GLSLExperiment\example1.cpp(1026,43): warning C4305: 'argument': truncation from 'double' to 'const GLfloat'
D:\dhmt\Nhom6\nhom6\GLSLExperiment\example1.cpp(1026,37): warning C4305: 'argument': truncation from 'double' to 'const GLfloat'
D:\dhmt\Nhom6\nhom6\GLSLExperiment\example1.cpp(1028,48): warning C4305: 'argument': truncation from 'double' to 'const GLfloat'
D:\dhmt\Nhom6\nhom6\GLSLExperiment\example1.cpp(1028,42): warning C4305: 'argument': truncation from 'double' to 'const GLfloat'
D:\dhmt\Nhom6\nhom6\GLSLExperiment\example1.cpp(1028,36): warning C4305: 'argument': truncation from 'double' to 'const GLfloat'
D:\dhmt\Nhom6\nhom6\GLSLExperiment\example1.cpp(1030,48): warning C4305: 'argument': truncation from 'double' to 'const GLfloat'
D:\dhmt\Nhom6\nhom6\GLSLExperiment\example1.cpp(1030,42): warning C4305: 'argument': truncation from 'double' to 'const GLfloat'
D:\dhmt\Nhom6\nhom6\GLSLExperiment\example1.cpp(1030,36): warning C4305: 'argument': truncation from 'double' to 'const GLfloat'
D:\dhmt\Nhom6\nhom6\GLSLExperiment\example1.cpp(1032,48): warning C4305: 'argument': truncation from 'double' to 'const GLfloat'
D:\dhmt\Nhom6\nhom6\GLSLExperiment\example1.cpp(1032,42): warning C4305: 'argument': truncation from 'double' to 'const GLfloat'
D:\dhmt\Nhom6\nhom6\GLSLExperiment\example1.cpp(1032,36): warning C4305: 'argument': truncation from 'double' to 'const GLfloat'
D:\dhmt\Nhom6\nhom6\GLSLExperiment\example1.cpp(1035,49): warning C4305: 'argument': truncation from 'double' to 'const GLfloat'
D:\dhmt\Nhom6\nhom6\GLSLExperiment\example1.cpp(1035,43): warning C4305: 'argument': truncation from 'double' to 'const GLfloat'
D:\dhmt\Nhom6\nhom6\GLSLExperiment\example1.cpp(1035,37): warning C4305: 'argument': truncation from 'double' to 'const GLfloat'
D:\dhmt\Nhom6\nhom6\GLSLExperiment\example1.cpp(1037,49): warning C4305: 'argument': truncation from 'double' to 'const GLfloat'
D:\dhmt\Nhom6\nhom6\GLSLExperiment\example1.cpp(1037,43): warning C4305: 'argument': truncation from 'double' to 'const GLfloat'
D:\dhmt\Nhom6\nhom6\GLSLExperiment\example1.cpp(1037,37): warning C4305: 'argument': truncation from 'double' to 'const GLfloat'
D:\dhmt\Nhom6\nhom6\GLSLExperiment\example1.cpp(1039,49): warning C4305: 'argument': truncation from 'double' to 'const GLfloat'
D:\dhmt\Nhom6\nhom6\GLSLExperiment\example1.cpp(1039,43): warning C4305: 'argument': truncation from 'double' to 'const GLfloat'
D:\dhmt\Nhom6\nhom6\GLSLExperiment\example1.cpp(1039,37): warning C4305: 'argument': truncation from 'double' to 'const GLfloat'
D:\dhmt\Nhom6\nhom6\GLSLExperiment\example1.cpp(1041,49): warning C4305: 'argument': truncation from 'double' to 'const GLfloat'
D:\dhmt\Nhom6\nhom6\GLSLExperiment\example1.cpp(1041,43): warning C4305: 'argument': truncation from 'double' to 'const GLfloat'
D:\dhmt\Nhom6\nhom6\GLSLExperiment\example1.cpp(1041,37): warning C4305: 'argument': truncation from 'double' to 'const GLfloat'
D:\dhmt\Nhom6\nhom6\GLSLExperiment\example1.cpp(1044,48): warning C4305: 'argument': truncation from 'double' to 'const GLfloat'
D:\dhmt\Nhom6\nhom6\GLSLExperiment\example1.cpp(1044,42): warning C4305: 'argument': truncation from 'double' to 'const GLfloat'
D:\dhmt\Nhom6\nhom6\GLSLExperiment\example1.cpp(1044,36): warning C4305: 'argument': truncation from 'double' to 'const GLfloat'
D:\dhmt\Nhom6\nhom6\GLSLExperiment\example1.cpp(1046,47): warning C4305: 'argument': truncation from 'double' to 'const GLfloat'
D:\dhmt\Nhom6\nhom6\GLSLExperiment\example1.cpp(1046,42): warning C4305: 'argument': truncation from 'double' to 'const GLfloat'
D:\dhmt\Nhom6\nhom6\GLSLExperiment\example1.cpp(1046,36): warning C4305: 'argument': truncation from 'double' to 'const GLfloat'
D:\dhmt\Nhom6\nhom6\GLSLExperiment\example1.cpp(1048,48): warning C4305: 'argument': truncation from 'double' to 'const GLfloat'
D:\dhmt\Nhom6\nhom6\GLSLExperiment\example1.cpp(1048,42): warning C4305: 'argument': truncation from 'double' to 'const GLfloat'
D:\dhmt\Nhom6\nhom6\GLSLExperiment\example1.cpp(1048,36): warning C4305: 'argument': truncation from 'double' to 'const GLfloat'
D:\dhmt\Nhom6\nhom6\GLSLExperiment\example1.cpp(1050,47): warning C4305: 'argument': truncation from 'double' to 'const GLfloat'
D:\dhmt\Nhom6\nhom6\GLSLExperiment\example1.cpp(1050,42): warning C4305: 'argument': truncation from 'double' to 'const GLfloat'
D:\dhmt\Nhom6\nhom6\GLSLExperiment\example1.cpp(1050,36): warning C4305: 'argument': truncation from 'double' to 'const GLfloat'
D:\dhmt\Nhom6\nhom6\GLSLExperiment\example1.cpp(1053,49): warning C4305: 'argument': truncation from 'double' to 'const GLfloat'
D:\dhmt\Nhom6\nhom6\GLSLExperiment\example1.cpp(1053,43): warning C4305: 'argument': truncation from 'double' to 'const GLfloat'
D:\dhmt\Nhom6\nhom6\GLSLExperiment\example1.cpp(1053,37): warning C4305: 'argument': truncation from 'double' to 'const GLfloat'
D:\dhmt\Nhom6\nhom6\GLSLExperiment\example1.cpp(1055,48): warning C4305: 'argument': truncation from 'double' to 'const GLfloat'
D:\dhmt\Nhom6\nhom6\GLSLExperiment\example1.cpp(1055,43): warning C4305: 'argument': truncation from 'double' to 'const GLfloat'
D:\dhmt\Nhom6\nhom6\GLSLExperiment\example1.cpp(1055,37): warning C4305: 'argument': truncation from 'double' to 'const GLfloat'
D:\dhmt\Nhom6\nhom6\GLSLExperiment\example1.cpp(1057,49): warning C4305: 'argument': truncation from 'double' to 'const GLfloat'
D:\dhmt\Nhom6\nhom6\GLSLExperiment\example1.cpp(1057,43): warning C4305: 'argument': truncation from 'double' to 'const GLfloat'
D:\dhmt\Nhom6\nhom6\GLSLExperiment\example1.cpp(1057,37): warning C4305: 'argument': truncation from 'double' to 'const GLfloat'
D:\dhmt\Nhom6\nhom6\GLSLExperiment\example1.cpp(1059,48): warning C4305: 'argument': truncation from 'double' to 'const GLfloat'
D:\dhmt\Nhom6\nhom6\GLSLExperiment\example1.cpp(1059,43): warning C4305: 'argument': truncation from 'double' to 'const GLfloat'
D:\dhmt\Nhom6\nhom6\GLSLExperiment\example1.cpp(1059,37): warning C4305: 'argument': truncation from 'double' to 'const GLfloat'
D:\dhmt\Nhom6\nhom6\GLSLExperiment\example1.cpp(1062,49): warning C4305: 'argument': truncation from 'double' to 'const GLfloat'
D:\dhmt\Nhom6\nhom6\GLSLExperiment\example1.cpp(1062,37): warning C4305: 'argument': truncation from 'double' to 'const GLfloat'
D:\dhmt\Nhom6\nhom6\GLSLExperiment\example1.cpp(1064,40): warning C4305: 'argument': truncation from 'double' to 'const GLfloat'
D:\dhmt\Nhom6\nhom6\GLSLExperiment\example1.cpp(1064,78): warning C4305: 'argument': truncation from 'double' to 'const GLfloat'
D:\dhmt\Nhom6\nhom6\GLSLExperiment\example1.cpp(1075,35): warning C4305: 'argument': truncation from 'double' to 'const GLfloat'
D:\dhmt\Nhom6\nhom6\GLSLExperiment\example1.cpp(1075,29): warning C4305: 'argument': truncation from 'double' to 'const GLfloat'
D:\dhmt\Nhom6\nhom6\GLSLExperiment\example1.cpp(1075,24): warning C4305: 'argument': truncation from 'double' to 'const GLfloat'
D:\dhmt\Nhom6\nhom6\GLSLExperiment\example1.cpp(1082,56): warning C4305: 'argument': truncation from 'double' to 'const GLfloat'
D:\dhmt\Nhom6\nhom6\GLSLExperiment\example1.cpp(1082,51): warning C4305: 'argument': truncation from 'double' to 'const GLfloat'
D:\dhmt\Nhom6\nhom6\GLSLExperiment\example1.cpp(1082,45): warning C4305: 'argument': truncation from 'double' to 'const GLfloat'
D:\dhmt\Nhom6\nhom6\GLSLExperiment\example1.cpp(1090,24): warning C4305: 'argument': truncation from 'double' to 'GLfloat'
D:\dhmt\Nhom6\nhom6\GLSLExperiment\example1.cpp(1090,18): warning C4305: 'argument': truncation from 'double' to 'GLfloat'
D:\dhmt\Nhom6\nhom6\GLSLExperiment\example1.cpp(1090,11): warning C4305: 'argument': truncation from 'double' to 'GLfloat'
D:\dhmt\Nhom6\nhom6\GLSLExperiment\example1.cpp(1091,25): warning C4305: 'argument': truncation from 'double' to 'GLfloat'
D:\dhmt\Nhom6\nhom6\GLSLExperiment\example1.cpp(1091,18): warning C4305: 'argument': truncation from 'double' to 'GLfloat'
D:\dhmt\Nhom6\nhom6\GLSLExperiment\example1.cpp(1091,11): warning C4305: 'argument': truncation from 'double' to 'GLfloat'
D:\dhmt\Nhom6\nhom6\GLSLExperiment\example1.cpp(1092,23): warning C4305: 'argument': truncation from 'double' to 'GLfloat'
D:\dhmt\Nhom6\nhom6\GLSLExperiment\example1.cpp(1092,17): warning C4305: 'argument': truncation from 'double' to 'GLfloat'
D:\dhmt\Nhom6\nhom6\GLSLExperiment\example1.cpp(1092,10): warning C4305: 'argument': truncation from 'double' to 'GLfloat'
D:\dhmt\Nhom6\nhom6\GLSLExperiment\example1.cpp(1093,24): warning C4305: 'argument': truncation from 'double' to 'GLfloat'
D:\dhmt\Nhom6\nhom6\GLSLExperiment\example1.cpp(1093,17): warning C4305: 'argument': truncation from 'double' to 'GLfloat'
D:\dhmt\Nhom6\nhom6\GLSLExperiment\example1.cpp(1093,10): warning C4305: 'argument': truncation from 'double' to 'GLfloat'
D:\dhmt\Nhom6\nhom6\GLSLExperiment\example1.cpp(1098,56): warning C4305: 'argument': truncation from 'double' to 'const GLfloat'
D:\dhmt\Nhom6\nhom6\GLSLExperiment\example1.cpp(1098,50): warning C4305: 'argument': truncation from 'double' to 'const GLfloat'
D:\dhmt\Nhom6\nhom6\GLSLExperiment\example1.cpp(1098,45): warning C4305: 'argument': truncation from 'double' to 'const GLfloat'
D:\dhmt\Nhom6\nhom6\GLSLExperiment\example1.cpp(1104,35): warning C4305: 'argument': truncation from 'double' to 'const GLfloat'
D:\dhmt\Nhom6\nhom6\GLSLExperiment\example1.cpp(1104,29): warning C4305: 'argument': truncation from 'double' to 'const GLfloat'
D:\dhmt\Nhom6\nhom6\GLSLExperiment\example1.cpp(1104,24): warning C4305: 'argument': truncation from 'double' to 'const GLfloat'
D:\dhmt\Nhom6\nhom6\GLSLExperiment\example1.cpp(1111,23): warning C4305: 'argument': truncation from 'double' to 'GLfloat'
D:\dhmt\Nhom6\nhom6\GLSLExperiment\example1.cpp(1111,15): warning C4305: 'argument': truncation from 'double' to 'GLfloat'
D:\dhmt\Nhom6\nhom6\GLSLExperiment\example1.cpp(1115,36): warning C4305: 'argument': truncation from 'double' to 'const GLfloat'
D:\dhmt\Nhom6\nhom6\GLSLExperiment\example1.cpp(1115,24): warning C4305: 'argument': truncation from 'double' to 'const GLfloat'
D:\dhmt\Nhom6\nhom6\GLSLExperiment\example1.cpp(1121,57): warning C4305: 'argument': truncation from 'double' to 'const GLfloat'
D:\dhmt\Nhom6\nhom6\GLSLExperiment\example1.cpp(1121,51): warning C4305: 'argument': truncation from 'double' to 'const GLfloat'
D:\dhmt\Nhom6\nhom6\GLSLExperiment\example1.cpp(1121,45): warning C4305: 'argument': truncation from 'double' to 'const GLfloat'
D:\dhmt\Nhom6\nhom6\GLSLExperiment\example1.cpp(1127,57): warning C4305: 'argument': truncation from 'double' to 'const GLfloat'
D:\dhmt\Nhom6\nhom6\GLSLExperiment\example1.cpp(1127,51): warning C4305: 'argument': truncation from 'double' to 'const GLfloat'
D:\dhmt\Nhom6\nhom6\GLSLExperiment\example1.cpp(1127,45): warning C4305: 'argument': truncation from 'double' to 'const GLfloat'
D:\dhmt\Nhom6\nhom6\GLSLExperiment\example1.cpp(1134,15): warning C4305: 'argument': truncation from 'double' to 'GLfloat'
D:\dhmt\Nhom6\nhom6\GLSLExperiment\example1.cpp(1135,15): warning C4305: 'argument': truncation from 'double' to 'GLfloat'
D:\dhmt\Nhom6\nhom6\GLSLExperiment\example1.cpp(1140,43): warning C4244: 'argument': conversion from 'double' to 'const GLfloat', possible loss of data
D:\dhmt\Nhom6\nhom6\GLSLExperiment\example1.cpp(1144,68): warning C4305: 'argument': truncation from 'double' to 'const GLfloat'
D:\dhmt\Nhom6\nhom6\GLSLExperiment\example1.cpp(1151,50): warning C4244: 'argument': conversion from 'double' to 'const GLfloat', possible loss of data
D:\dhmt\Nhom6\nhom6\GLSLExperiment\example1.cpp(1151,38): warning C4244: 'argument': conversion from 'double' to 'const GLfloat', possible loss of data
D:\dhmt\Nhom6\nhom6\GLSLExperiment\example1.cpp(1155,68): warning C4305: 'argument': truncation from 'double' to 'const GLfloat'
D:\dhmt\Nhom6\nhom6\GLSLExperiment\example1.cpp(1162,44): warning C4244: 'argument': conversion from 'double' to 'const GLfloat', possible loss of data
D:\dhmt\Nhom6\nhom6\GLSLExperiment\example1.cpp(1166,68): warning C4305: 'argument': truncation from 'double' to 'const GLfloat'
D:\dhmt\Nhom6\nhom6\GLSLExperiment\example1.cpp(1173,49): warning C4244: 'argument': conversion from 'double' to 'const GLfloat', possible loss of data
D:\dhmt\Nhom6\nhom6\GLSLExperiment\example1.cpp(1173,37): warning C4244: 'argument': conversion from 'double' to 'const GLfloat', possible loss of data
D:\dhmt\Nhom6\nhom6\GLSLExperiment\example1.cpp(1177,68): warning C4305: 'argument': truncation from 'double' to 'const GLfloat'
D:\dhmt\Nhom6\nhom6\GLSLExperiment\example1.cpp(1189,20): warning C4305: 'argument': truncation from 'double' to 'GLfloat'
D:\dhmt\Nhom6\nhom6\GLSLExperiment\example1.cpp(1189,14): warning C4305: 'argument': truncation from 'double' to 'GLfloat'
D:\dhmt\Nhom6\nhom6\GLSLExperiment\example1.cpp(1189,8): warning C4305: 'argument': truncation from 'double' to 'GLfloat'
D:\dhmt\Nhom6\nhom6\GLSLExperiment\example1.cpp(1190,20): warning C4305: 'argument': truncation from 'double' to 'GLfloat'
D:\dhmt\Nhom6\nhom6\GLSLExperiment\example1.cpp(1190,14): warning C4305: 'argument': truncation from 'double' to 'GLfloat'
D:\dhmt\Nhom6\nhom6\GLSLExperiment\example1.cpp(1190,8): warning C4305: 'argument': truncation from 'double' to 'GLfloat'
D:\dhmt\Nhom6\nhom6\GLSLExperiment\example1.cpp(1191,21): warning C4305: 'argument': truncation from 'double' to 'GLfloat'
D:\dhmt\Nhom6\nhom6\GLSLExperiment\example1.cpp(1191,15): warning C4305: 'argument': truncation from 'double' to 'GLfloat'
D:\dhmt\Nhom6\nhom6\GLSLExperiment\example1.cpp(1191,9): warning C4305: 'argument': truncation from 'double' to 'GLfloat'
D:\dhmt\Nhom6\nhom6\GLSLExperiment\example1.cpp(1192,21): warning C4305: 'argument': truncation from 'double' to 'GLfloat'
D:\dhmt\Nhom6\nhom6\GLSLExperiment\example1.cpp(1192,15): warning C4305: 'argument': truncation from 'double' to 'GLfloat'
D:\dhmt\Nhom6\nhom6\GLSLExperiment\example1.cpp(1192,9): warning C4305: 'argument': truncation from 'double' to 'GLfloat'
D:\dhmt\Nhom6\nhom6\GLSLExperiment\example1.cpp(1203,28): warning C4305: 'argument': truncation from 'double' to 'const GLfloat'
D:\dhmt\Nhom6\nhom6\GLSLExperiment\example1.cpp(1207,33): warning C4305: 'argument': truncation from 'double' to 'const GLfloat'
D:\dhmt\Nhom6\nhom6\GLSLExperiment\example1.cpp(1211,32): warning C4305: 'argument': truncation from 'double' to 'const GLfloat'
D:\dhmt\Nhom6\nhom6\GLSLExperiment\example1.cpp(1215,31): warning C4305: 'argument': truncation from 'double' to 'const GLfloat'
D:\dhmt\Nhom6\nhom6\GLSLExperiment\example1.cpp(1215,26): warning C4305: 'argument': truncation from 'double' to 'const GLfloat'
D:\dhmt\Nhom6\nhom6\GLSLExperiment\example1.cpp(1215,54): warning C4305: 'argument': truncation from 'double' to 'const GLfloat'
D:\dhmt\Nhom6\nhom6\GLSLExperiment\example1.cpp(1215,48): warning C4305: 'argument': truncation from 'double' to 'const GLfloat'
D:\dhmt\Nhom6\nhom6\GLSLExperiment\example1.cpp(1219,32): warning C4305: 'argument': truncation from 'double' to 'const GLfloat'
D:\dhmt\Nhom6\nhom6\GLSLExperiment\example1.cpp(1219,27): warning C4305: 'argument': truncation from 'double' to 'const GLfloat'
D:\dhmt\Nhom6\nhom6\GLSLExperiment\example1.cpp(1219,55): warning C4305: 'argument': truncation from 'double' to 'const GLfloat'
D:\dhmt\Nhom6\nhom6\GLSLExperiment\example1.cpp(1219,49): warning C4305: 'argument': truncation from 'double' to 'const GLfloat'
D:\dhmt\Nhom6\nhom6\GLSLExperiment\example1.cpp(1223,32): warning C4305: 'argument': truncation from 'double' to 'const GLfloat'
D:\dhmt\Nhom6\nhom6\GLSLExperiment\example1.cpp(1223,26): warning C4305: 'argument': truncation from 'double' to 'const GLfloat'
D:\dhmt\Nhom6\nhom6\GLSLExperiment\example1.cpp(1223,53): warning C4305: 'argument': truncation from 'double' to 'const GLfloat'
D:\dhmt\Nhom6\nhom6\GLSLExperiment\example1.cpp(1223,48): warning C4305: 'argument': truncation from 'double' to 'const GLfloat'
D:\dhmt\Nhom6\nhom6\GLSLExperiment\example1.cpp(1228,27): warning C4305: 'argument': truncation from 'double' to 'const GLfloat'
D:\dhmt\Nhom6\nhom6\GLSLExperiment\example1.cpp(1228,53): warning C4305: 'argument': truncation from 'double' to 'const GLfloat'
D:\dhmt\Nhom6\nhom6\GLSLExperiment\example1.cpp(1228,47): warning C4305: 'argument': truncation from 'double' to 'const GLfloat'
D:\dhmt\Nhom6\nhom6\GLSLExperiment\example1.cpp(1234,39): warning C4305: 'argument': truncation from 'double' to 'const GLfloat'
D:\dhmt\Nhom6\nhom6\GLSLExperiment\example1.cpp(1236,43): warning C4305: 'argument': truncation from 'double' to 'const GLfloat'
D:\dhmt\Nhom6\nhom6\GLSLExperiment\example1.cpp(1236,38): warning C4305: 'argument': truncation from 'double' to 'const GLfloat'
D:\dhmt\Nhom6\nhom6\GLSLExperiment\example1.cpp(1255,50): warning C4305: 'argument': truncation from 'double' to 'const GLfloat'
D:\dhmt\Nhom6\nhom6\GLSLExperiment\example1.cpp(1259,51): warning C4305: 'argument': truncation from 'double' to 'const GLfloat'
D:\dhmt\Nhom6\nhom6\GLSLExperiment\example1.cpp(1284,34): warning C4305: 'argument': truncation from 'double' to 'const GLfloat'
D:\dhmt\Nhom6\nhom6\GLSLExperiment\example1.cpp(1284,24): warning C4305: 'argument': truncation from 'double' to 'const GLfloat'
D:\dhmt\Nhom6\nhom6\GLSLExperiment\example1.cpp(1284,73): warning C4305: 'argument': truncation from 'double' to 'const GLfloat'
D:\dhmt\Nhom6\nhom6\GLSLExperiment\example1.cpp(1284,65): warning C4305: 'argument': truncation from 'double' to 'const GLfloat'
D:\dhmt\Nhom6\nhom6\GLSLExperiment\example1.cpp(1284,52): warning C4305: 'argument': truncation from 'double' to 'const GLfloat'
D:\dhmt\Nhom6\nhom6\GLSLExperiment\example1.cpp(1290,34): warning C4305: 'argument': truncation from 'double' to 'const GLfloat'
D:\dhmt\Nhom6\nhom6\GLSLExperiment\example1.cpp(1290,24): warning C4305: 'argument': truncation from 'double' to 'const GLfloat'
D:\dhmt\Nhom6\nhom6\GLSLExperiment\example1.cpp(1290,73): warning C4305: 'argument': truncation from 'double' to 'const GLfloat'
D:\dhmt\Nhom6\nhom6\GLSLExperiment\example1.cpp(1290,65): warning C4305: 'argument': truncation from 'double' to 'const GLfloat'
D:\dhmt\Nhom6\nhom6\GLSLExperiment\example1.cpp(1290,52): warning C4305: 'argument': truncation from 'double' to 'const GLfloat'
D:\dhmt\Nhom6\nhom6\GLSLExperiment\example1.cpp(1296,34): warning C4305: 'argument': truncation from 'double' to 'const GLfloat'
D:\dhmt\Nhom6\nhom6\GLSLExperiment\example1.cpp(1296,24): warning C4305: 'argument': truncation from 'double' to 'const GLfloat'
D:\dhmt\Nhom6\nhom6\GLSLExperiment\example1.cpp(1296,73): warning C4305: 'argument': truncation from 'double' to 'const GLfloat'
D:\dhmt\Nhom6\nhom6\GLSLExperiment\example1.cpp(1296,65): warning C4305: 'argument': truncation from 'double' to 'const GLfloat'
D:\dhmt\Nhom6\nhom6\GLSLExperiment\example1.cpp(1296,52): warning C4305: 'argument': truncation from 'double' to 'const GLfloat'
D:\dhmt\Nhom6\nhom6\GLSLExperiment\example1.cpp(1301,34): warning C4305: 'argument': truncation from 'double' to 'const GLfloat'
D:\dhmt\Nhom6\nhom6\GLSLExperiment\example1.cpp(1301,24): warning C4305: 'argument': truncation from 'double' to 'const GLfloat'
D:\dhmt\Nhom6\nhom6\GLSLExperiment\example1.cpp(1301,73): warning C4305: 'argument': truncation from 'double' to 'const GLfloat'
D:\dhmt\Nhom6\nhom6\GLSLExperiment\example1.cpp(1301,65): warning C4305: 'argument': truncation from 'double' to 'const GLfloat'
D:\dhmt\Nhom6\nhom6\GLSLExperiment\example1.cpp(1301,52): warning C4305: 'argument': truncation from 'double' to 'const GLfloat'
D:\dhmt\Nhom6\nhom6\GLSLExperiment\example1.cpp(1307,34): warning C4305: 'argument': truncation from 'double' to 'const GLfloat'
D:\dhmt\Nhom6\nhom6\GLSLExperiment\example1.cpp(1307,24): warning C4305: 'argument': truncation from 'double' to 'const GLfloat'
D:\dhmt\Nhom6\nhom6\GLSLExperiment\example1.cpp(1307,73): warning C4305: 'argument': truncation from 'double' to 'const GLfloat'
D:\dhmt\Nhom6\nhom6\GLSLExperiment\example1.cpp(1307,65): warning C4305: 'argument': truncation from 'double' to 'const GLfloat'
D:\dhmt\Nhom6\nhom6\GLSLExperiment\example1.cpp(1307,52): warning C4305: 'argument': truncation from 'double' to 'const GLfloat'
D:\dhmt\Nhom6\nhom6\GLSLExperiment\example1.cpp(1313,34): warning C4305: 'argument': truncation from 'double' to 'const GLfloat'
D:\dhmt\Nhom6\nhom6\GLSLExperiment\example1.cpp(1313,24): warning C4305: 'argument': truncation from 'double' to 'const GLfloat'
D:\dhmt\Nhom6\nhom6\GLSLExperiment\example1.cpp(1313,73): warning C4305: 'argument': truncation from 'double' to 'const GLfloat'
D:\dhmt\Nhom6\nhom6\GLSLExperiment\example1.cpp(1313,65): warning C4305: 'argument': truncation from 'double' to 'const GLfloat'
D:\dhmt\Nhom6\nhom6\GLSLExperiment\example1.cpp(1313,52): warning C4305: 'argument': truncation from 'double' to 'const GLfloat'
D:\dhmt\Nhom6\nhom6\GLSLExperiment\example1.cpp(1321,46): warning C4305: 'argument': truncation from 'double' to 'const GLfloat'
D:\dhmt\Nhom6\nhom6\GLSLExperiment\example1.cpp(1321,37): warning C4305: 'argument': truncation from 'double' to 'const GLfloat'
D:\dhmt\Nhom6\nhom6\GLSLExperiment\example1.cpp(1323,40): warning C4305: 'argument': truncation from 'double' to 'const GLfloat'
D:\dhmt\Nhom6\nhom6\GLSLExperiment\example1.cpp(1325,44): warning C4305: 'argument': truncation from 'double' to 'const GLfloat'
D:\dhmt\Nhom6\nhom6\GLSLExperiment\example1.cpp(1331,41): warning C4305: 'argument': truncation from 'double' to 'const GLfloat'
D:\dhmt\Nhom6\nhom6\GLSLExperiment\example1.cpp(1414,19): warning C4305: '-=': truncation from 'double' to 'GLfloat'
D:\dhmt\Nhom6\nhom6\GLSLExperiment\example1.cpp(1415,39): warning C4305: '=': truncation from 'double' to 'GLfloat'
D:\dhmt\Nhom6\nhom6\GLSLExperiment\example1.cpp(1419,19): warning C4305: '+=': truncation from 'double' to 'GLfloat'
  Generating Code...
example1.obj : warning LNK4075: ignoring '/EDITANDCONTINUE' due to '/SAFESEH' specification
  GLSLExperiment.vcxproj -> D:\dhmt\Nhom6\nhom6\Debug\GLSLExperiment.exe
